\BOOKMARK [0][-]{chapter.1}{Ben\366tigtes Equipment}{}% 1
\BOOKMARK [1][-]{section.1.1}{Software}{chapter.1}% 2
\BOOKMARK [2][-]{subsection.1.1.1}{Eclipse}{section.1.1}% 3
\BOOKMARK [2][-]{subsection.1.1.2}{SVN}{section.1.1}% 4
\BOOKMARK [1][-]{section.1.2}{Kenntnisse}{chapter.1}% 5
\BOOKMARK [0][-]{chapter.2}{Alvis}{}% 6
\BOOKMARK [1][-]{section.2.1}{\334bersicht \374ber die Komponenten}{chapter.2}% 7
\BOOKMARK [2][-]{subsection.2.1.1}{Das Alvis Plug-in}{section.2.1}% 8
\BOOKMARK [2][-]{subsection.2.1.2}{Plug-ins f\374r Alvis}{section.2.1}% 9
\BOOKMARK [2][-]{subsection.2.1.3}{Graph Plug-in}{section.2.1}% 10
\BOOKMARK [2][-]{subsection.2.1.4}{Betriebssysteme Plug-in}{section.2.1}% 11
\BOOKMARK [2][-]{subsection.2.1.5}{Virtual Machine Plug-In}{section.2.1}% 12
\BOOKMARK [2][-]{subsection.2.1.6}{Die Help-Plug-Ins}{section.2.1}% 13
\BOOKMARK [0][-]{chapter.3}{Export}{}% 14
\BOOKMARK [1][-]{section.3.1}{Erste Schritte}{chapter.3}% 15
\BOOKMARK [1][-]{section.3.2}{Export des Hauptprogramms f\374r verschiedene Plattformen}{chapter.3}% 16
\BOOKMARK [2][-]{subsection.3.2.1}{Vorbereitung}{section.3.2}% 17
\BOOKMARK [2][-]{subsection.3.2.2}{Export mit einer Target Platform}{section.3.2}% 18
\BOOKMARK [2][-]{subsection.3.2.3}{Einstellen der Target Platform}{section.3.2}% 19
\BOOKMARK [2][-]{subsection.3.2.4}{Export}{section.3.2}% 20
