\BOOKMARK [1][-]{section.1}{Einleitung}{}% 1
\BOOKMARK [1][-]{section.2}{Vorkenntnisse}{}% 2
\BOOKMARK [1][-]{section.3}{Vorbereitung}{}% 3
\BOOKMARK [1][-]{section.4}{Konventionen}{}% 4
\BOOKMARK [2][-]{subsection.4.1}{Namenskonventionen}{section.4}% 5
\BOOKMARK [1][-]{section.5}{Bestandteile der Plug-ins}{}% 6
\BOOKMARK [1][-]{section.6}{de.unisiegen.informatik.bs.alvis.pluginname.datatypes}{}% 7
\BOOKMARK [2][-]{subsection.6.1}{Erstellen von Klassen f\374r Datentypen}{section.6}% 8
\BOOKMARK [2][-]{subsection.6.2}{Erstellen von Interfaces zur graphischen Repr\344sentation}{section.6}% 9
\BOOKMARK [1][-]{section.7}{de.unisiegen.informatik.bs.alvis.pluginname}{}% 10
\BOOKMARK [2][-]{subsection.7.1}{Visualisierung des Datentyps}{section.7}% 11
\BOOKMARK [2][-]{subsection.7.2}{Erstellen eines Editors f\374r ein Beispiel}{section.7}% 12
\BOOKMARK [2][-]{subsection.7.3}{Registrieren eines Wizards}{section.7}% 13
\BOOKMARK [2][-]{subsection.7.4}{Visualisierung des Runs}{section.7}% 14
\BOOKMARK [2][-]{subsection.7.5}{Datentypen registrieren}{section.7}% 15
\BOOKMARK [1][-]{section.8}{Anhang}{}% 16
\BOOKMARK [2][-]{subsection.8.1}{Der Klabautermann}{section.8}% 17
\BOOKMARK [2][-]{subsection.8.2}{Probleme beim Start}{section.8}% 18
\BOOKMARK [3][-]{subsubsection.8.2.1}{Fehlende Plugins}{subsection.8.2}% 19
\BOOKMARK [3][-]{subsubsection.8.2.2}{.jar Dateien einbinden}{subsection.8.2}% 20
